
[27-Aug-2025 10:33:56 UTC] PHP Warning:  chmod(): Operation not permitted in /var/www/html/devrix-test-project/wp-admin/includes/class-wp-filesystem-direct.php on line 173
[27-Aug-2025 10:33:56 UTC] PHP Warning:  chmod(): Operation not permitted in /var/www/html/devrix-test-project/wp-admin/includes/class-wp-filesystem-direct.php on line 173
[27-Aug-2025 10:35:31 UTC] PHP Warning:  chmod(): Operation not permitted in /var/www/html/devrix-test-project/wp-admin/includes/class-wp-filesystem-direct.php on line 173
[27-Aug-2025 10:35:31 UTC] PHP Warning:  chmod(): Operation not permitted in /var/www/html/devrix-test-project/wp-admin/includes/class-wp-filesystem-direct.php on line 173
[27-Aug-2025 10:43:08 UTC] PHP Warning:  chmod(): Operation not permitted in /var/www/html/devrix-test-project/wp-admin/includes/class-wp-filesystem-direct.php on line 173
[27-Aug-2025 10:43:08 UTC] PHP Warning:  chmod(): Operation not permitted in /var/www/html/devrix-test-project/wp-admin/includes/class-wp-filesystem-direct.php on line 173
[27-Aug-2025 10:44:09 UTC] PHP Warning:  chmod(): Operation not permitted in /var/www/html/devrix-test-project/wp-admin/includes/class-wp-filesystem-direct.php on line 173
[27-Aug-2025 10:44:09 UTC] PHP Warning:  chmod(): Operation not permitted in /var/www/html/devrix-test-project/wp-admin/includes/class-wp-filesystem-direct.php on line 173
[27-Aug-2025 10:50:17 UTC] PHP Warning:  chmod(): Operation not permitted in /var/www/html/devrix-test-project/wp-admin/includes/class-wp-filesystem-direct.php on line 173
[27-Aug-2025 10:50:17 UTC] PHP Warning:  chmod(): Operation not permitted in /var/www/html/devrix-test-project/wp-admin/includes/class-wp-filesystem-direct.php on line 173
[27-Aug-2025 10:59:34 UTC] PHP Deprecated:  File Theme without header.php is <strong>deprecated</strong> since version 3.0.0 with no alternative available. Please include a header.php template in your theme. in /var/www/html/devrix-test-project/wp-includes/functions.php on line 6121
[27-Aug-2025 10:59:39 UTC] PHP Deprecated:  File Theme without header.php is <strong>deprecated</strong> since version 3.0.0 with no alternative available. Please include a header.php template in your theme. in /var/www/html/devrix-test-project/wp-includes/functions.php on line 6121
[27-Aug-2025 11:05:01 UTC] PHP Warning:  require_once(/var/www/html/devrix-test-project/wp-content/plugins/students-block/test-block-page.php): Failed to open stream: No such file or directory in /var/www/html/devrix-test-project/wp-content/plugins/students-block/students-block.php on line 104
[27-Aug-2025 11:05:25 UTC] PHP Warning:  require_once(/var/www/html/devrix-test-project/wp-content/plugins/students-block/test-block-page.php): Failed to open stream: No such file or directory in /var/www/html/devrix-test-project/wp-content/plugins/students-block/students-block.php on line 104
[27-Aug-2025 11:05:35 UTC] PHP Warning:  require_once(/var/www/html/devrix-test-project/wp-content/plugins/students-block/test-block-page.php): Failed to open stream: No such file or directory in /var/www/html/devrix-test-project/wp-content/plugins/students-block/students-block.php on line 104
[27-Aug-2025 11:05:35 UTC] PHP Warning:  require_once(/var/www/html/devrix-test-project/wp-content/plugins/students-block/test-block-page.php): Failed to open stream: No such file or directory in /var/www/html/devrix-test-project/wp-content/plugins/students-block/students-block.php on line 104
[27-Aug-2025 11:05:37 UTC] PHP Warning:  require_once(/var/www/html/devrix-test-project/wp-content/plugins/students-block/test-block-page.php): Failed to open stream: No such file or directory in /var/www/html/devrix-test-project/wp-content/plugins/students-block/students-block.php on line 104
[27-Aug-2025 11:05:37 UTC] PHP Warning:  require_once(/var/www/html/devrix-test-project/wp-content/plugins/students-block/test-block-page.php): Failed to open stream: No such file or directory in /var/www/html/devrix-test-project/wp-content/plugins/students-block/students-block.php on line 104
[27-Aug-2025 11:50:23 UTC] PHP Warning:  chmod(): Operation not permitted in /var/www/html/devrix-test-project/wp-admin/includes/class-wp-filesystem-direct.php on line 173
[27-Aug-2025 11:50:24 UTC] PHP Warning:  chmod(): Operation not permitted in /var/www/html/devrix-test-project/wp-admin/includes/class-wp-filesystem-direct.php on line 173
[27-Aug-2025 11:57:18 UTC] PHP Warning:  chmod(): Operation not permitted in /var/www/html/devrix-test-project/wp-admin/includes/class-wp-filesystem-direct.php on line 173
[27-Aug-2025 11:57:18 UTC] PHP Warning:  chmod(): Operation not permitted in /var/www/html/devrix-test-project/wp-admin/includes/class-wp-filesystem-direct.php on line 173
[27-Aug-2025 11:58:33 UTC] PHP Warning:  chmod(): Operation not permitted in /var/www/html/devrix-test-project/wp-admin/includes/class-wp-filesystem-direct.php on line 173
[27-Aug-2025 11:58:33 UTC] PHP Warning:  chmod(): Operation not permitted in /var/www/html/devrix-test-project/wp-admin/includes/class-wp-filesystem-direct.php on line 173
[27-Aug-2025 12:00:36 UTC] PHP Warning:  chmod(): Operation not permitted in /var/www/html/devrix-test-project/wp-admin/includes/class-wp-filesystem-direct.php on line 173
[27-Aug-2025 12:00:36 UTC] PHP Warning:  chmod(): Operation not permitted in /var/www/html/devrix-test-project/wp-admin/includes/class-wp-filesystem-direct.php on line 173
[27-Aug-2025 12:01:38 UTC] PHP Warning:  chmod(): Operation not permitted in /var/www/html/devrix-test-project/wp-admin/includes/class-wp-filesystem-direct.php on line 173
[27-Aug-2025 12:01:39 UTC] PHP Warning:  chmod(): Operation not permitted in /var/www/html/devrix-test-project/wp-admin/includes/class-wp-filesystem-direct.php on line 173
[27-Aug-2025 12:02:00 UTC] PHP Warning:  chmod(): Operation not permitted in /var/www/html/devrix-test-project/wp-admin/includes/class-wp-filesystem-direct.php on line 173
[27-Aug-2025 12:02:00 UTC] PHP Warning:  chmod(): Operation not permitted in /var/www/html/devrix-test-project/wp-admin/includes/class-wp-filesystem-direct.php on line 173
[27-Aug-2025 13:23:12 UTC] PHP Warning:  chmod(): Operation not permitted in /var/www/html/devrix-test-project/wp-admin/includes/class-wp-filesystem-direct.php on line 173
[27-Aug-2025 13:23:12 UTC] PHP Warning:  wp_update_plugins(): An unexpected error occurred. Something may be wrong with WordPress.org or this server&#8217;s configuration. If you continue to have problems, please try the <a href="https://wordpress.org/support/forums/">support forums</a>. (WordPress could not establish a secure connection to WordPress.org. Please contact your server administrator.) in /var/www/html/devrix-test-project/wp-includes/functions.php on line 6121
[27-Aug-2025 13:23:15 UTC] PHP Warning:  plugins_api(): An unexpected error occurred. Something may be wrong with WordPress.org or this server&#8217;s configuration. If you continue to have problems, please try the <a href="https://wordpress.org/support/forums/">support forums</a>. (WordPress could not establish a secure connection to WordPress.org. Please contact your server administrator.) in /var/www/html/devrix-test-project/wp-includes/functions.php on line 6121
[27-Aug-2025 13:23:15 UTC] PHP Warning:  plugins_api(): An unexpected error occurred. Something may be wrong with WordPress.org or this server&#8217;s configuration. If you continue to have problems, please try the <a href="https://wordpress.org/support/forums/">support forums</a>. (WordPress could not establish a secure connection to WordPress.org. Please contact your server administrator.) in /var/www/html/devrix-test-project/wp-includes/functions.php on line 6121
[27-Aug-2025 13:23:54 UTC] PHP Warning:  wp_update_themes(): An unexpected error occurred. Something may be wrong with WordPress.org or this server&#8217;s configuration. If you continue to have problems, please try the <a href="https://wordpress.org/support/forums/">support forums</a>. (WordPress could not establish a secure connection to WordPress.org. Please contact your server administrator.) in /var/www/html/devrix-test-project/wp-includes/functions.php on line 6121
[27-Aug-2025 13:30:34 UTC] PHP Warning:  plugins_api(): An unexpected error occurred. Something may be wrong with WordPress.org or this server&#8217;s configuration. If you continue to have problems, please try the <a href="https://wordpress.org/support/forums/">support forums</a>. (WordPress could not establish a secure connection to WordPress.org. Please contact your server administrator.) in /var/www/html/devrix-test-project/wp-includes/functions.php on line 6121
[27-Aug-2025 13:30:34 UTC] PHP Warning:  plugins_api(): An unexpected error occurred. Something may be wrong with WordPress.org or this server&#8217;s configuration. If you continue to have problems, please try the <a href="https://wordpress.org/support/forums/">support forums</a>. (WordPress could not establish a secure connection to WordPress.org. Please contact your server administrator.) in /var/www/html/devrix-test-project/wp-includes/functions.php on line 6121
[27-Aug-2025 13:38:21 UTC] PHP Warning:  chmod(): Operation not permitted in /var/www/html/devrix-test-project/wp-admin/includes/class-wp-filesystem-direct.php on line 173
[27-Aug-2025 13:38:21 UTC] PHP Warning:  plugins_api(): An unexpected error occurred. Something may be wrong with WordPress.org or this server&#8217;s configuration. If you continue to have problems, please try the <a href="https://wordpress.org/support/forums/">support forums</a>. (WordPress could not establish a secure connection to WordPress.org. Please contact your server administrator.) in /var/www/html/devrix-test-project/wp-includes/functions.php on line 6121
[27-Aug-2025 13:38:21 UTC] PHP Warning:  plugins_api(): An unexpected error occurred. Something may be wrong with WordPress.org or this server&#8217;s configuration. If you continue to have problems, please try the <a href="https://wordpress.org/support/forums/">support forums</a>. (WordPress could not establish a secure connection to WordPress.org. Please contact your server administrator.) in /var/www/html/devrix-test-project/wp-includes/functions.php on line 6121
[27-Aug-2025 13:38:23 UTC] PHP Warning:  plugins_api(): An unexpected error occurred. Something may be wrong with WordPress.org or this server&#8217;s configuration. If you continue to have problems, please try the <a href="https://wordpress.org/support/forums/">support forums</a>. (WordPress could not establish a secure connection to WordPress.org. Please contact your server administrator.) in /var/www/html/devrix-test-project/wp-includes/functions.php on line 6121
[27-Aug-2025 13:38:23 UTC] PHP Warning:  plugins_api(): An unexpected error occurred. Something may be wrong with WordPress.org or this server&#8217;s configuration. If you continue to have problems, please try the <a href="https://wordpress.org/support/forums/">support forums</a>. (WordPress could not establish a secure connection to WordPress.org. Please contact your server administrator.) in /var/www/html/devrix-test-project/wp-includes/functions.php on line 6121
[27-Aug-2025 13:38:44 UTC] PHP Warning:  plugins_api(): An unexpected error occurred. Something may be wrong with WordPress.org or this server&#8217;s configuration. If you continue to have problems, please try the <a href="https://wordpress.org/support/forums/">support forums</a>. (WordPress could not establish a secure connection to WordPress.org. Please contact your server administrator.) in /var/www/html/devrix-test-project/wp-includes/functions.php on line 6121
[27-Aug-2025 13:38:44 UTC] PHP Warning:  plugins_api(): An unexpected error occurred. Something may be wrong with WordPress.org or this server&#8217;s configuration. If you continue to have problems, please try the <a href="https://wordpress.org/support/forums/">support forums</a>. (WordPress could not establish a secure connection to WordPress.org. Please contact your server administrator.) in /var/www/html/devrix-test-project/wp-includes/functions.php on line 6121
[27-Aug-2025 13:58:50 UTC] PHP Warning:  chmod(): Operation not permitted in /var/www/html/devrix-test-project/wp-admin/includes/class-wp-filesystem-direct.php on line 173
[27-Aug-2025 13:58:50 UTC] PHP Warning:  plugins_api(): An unexpected error occurred. Something may be wrong with WordPress.org or this server&#8217;s configuration. If you continue to have problems, please try the <a href="https://wordpress.org/support/forums/">support forums</a>. (WordPress could not establish a secure connection to WordPress.org. Please contact your server administrator.) in /var/www/html/devrix-test-project/wp-includes/functions.php on line 6121
[27-Aug-2025 13:58:50 UTC] PHP Warning:  plugins_api(): An unexpected error occurred. Something may be wrong with WordPress.org or this server&#8217;s configuration. If you continue to have problems, please try the <a href="https://wordpress.org/support/forums/">support forums</a>. (WordPress could not establish a secure connection to WordPress.org. Please contact your server administrator.) in /var/www/html/devrix-test-project/wp-includes/functions.php on line 6121
[27-Aug-2025 13:59:08 UTC] PHP Warning:  wp_version_check(): An unexpected error occurred. Something may be wrong with WordPress.org or this server&#8217;s configuration. If you continue to have problems, please try the <a href="https://wordpress.org/support/forums/">support forums</a>. (WordPress could not establish a secure connection to WordPress.org. Please contact your server administrator.) in /var/www/html/devrix-test-project/wp-includes/functions.php on line 6121
[27-Aug-2025 13:59:08 UTC] PHP Warning:  wp_update_plugins(): An unexpected error occurred. Something may be wrong with WordPress.org or this server&#8217;s configuration. If you continue to have problems, please try the <a href="https://wordpress.org/support/forums/">support forums</a>. (WordPress could not establish a secure connection to WordPress.org. Please contact your server administrator.) in /var/www/html/devrix-test-project/wp-includes/functions.php on line 6121
[27-Aug-2025 13:59:08 UTC] PHP Warning:  wp_update_themes(): An unexpected error occurred. Something may be wrong with WordPress.org or this server&#8217;s configuration. If you continue to have problems, please try the <a href="https://wordpress.org/support/forums/">support forums</a>. (WordPress could not establish a secure connection to WordPress.org. Please contact your server administrator.) in /var/www/html/devrix-test-project/wp-includes/functions.php on line 6121
[27-Aug-2025 13:59:11 UTC] PHP Warning:  wp_update_plugins(): An unexpected error occurred. Something may be wrong with WordPress.org or this server&#8217;s configuration. If you continue to have problems, please try the <a href="https://wordpress.org/support/forums/">support forums</a>. (WordPress could not establish a secure connection to WordPress.org. Please contact your server administrator.) in /var/www/html/devrix-test-project/wp-includes/functions.php on line 6121
[27-Aug-2025 13:59:11 UTC] PHP Warning:  wp_update_plugins(): An unexpected error occurred. Something may be wrong with WordPress.org or this server&#8217;s configuration. If you continue to have problems, please try the <a href="https://wordpress.org/support/forums/">support forums</a>. (WordPress could not establish a secure connection to WordPress.org. Please contact your server administrator.) in /var/www/html/devrix-test-project/wp-includes/functions.php on line 6121
[27-Aug-2025 13:59:11 UTC] PHP Warning:  wp_update_plugins(): An unexpected error occurred. Something may be wrong with WordPress.org or this server&#8217;s configuration. If you continue to have problems, please try the <a href="https://wordpress.org/support/forums/">support forums</a>. (WordPress could not establish a secure connection to WordPress.org. Please contact your server administrator.) in /var/www/html/devrix-test-project/wp-includes/functions.php on line 6121
[27-Aug-2025 14:29:41 UTC] PHP Warning:  chmod(): Operation not permitted in /var/www/html/devrix-test-project/wp-admin/includes/class-wp-filesystem-direct.php on line 173
[27-Aug-2025 14:29:41 UTC] PHP Warning:  chmod(): Operation not permitted in /var/www/html/devrix-test-project/wp-admin/includes/class-wp-filesystem-direct.php on line 173
[27-Aug-2025 14:29:41 UTC] PHP Warning:  chmod(): Operation not permitted in /var/www/html/devrix-test-project/wp-admin/includes/class-wp-filesystem-direct.php on line 173
[27-Aug-2025 14:29:41 UTC] PHP Warning:  chmod(): Operation not permitted in /var/www/html/devrix-test-project/wp-admin/includes/class-wp-filesystem-direct.php on line 173
[27-Aug-2025 14:29:41 UTC] PHP Warning:  chmod(): Operation not permitted in /var/www/html/devrix-test-project/wp-admin/includes/class-wp-filesystem-direct.php on line 173
[27-Aug-2025 14:29:42 UTC] PHP Warning:  chmod(): Operation not permitted in /var/www/html/devrix-test-project/wp-admin/includes/class-wp-filesystem-direct.php on line 173
[27-Aug-2025 14:29:42 UTC] PHP Warning:  chmod(): Operation not permitted in /var/www/html/devrix-test-project/wp-admin/includes/class-wp-filesystem-direct.php on line 173
[27-Aug-2025 14:29:42 UTC] PHP Warning:  chmod(): Operation not permitted in /var/www/html/devrix-test-project/wp-admin/includes/class-wp-filesystem-direct.php on line 173
[27-Aug-2025 14:29:52 UTC] PHP Warning:  chmod(): Operation not permitted in /var/www/html/devrix-test-project/wp-admin/includes/class-wp-filesystem-direct.php on line 173
[27-Aug-2025 14:29:52 UTC] PHP Warning:  chmod(): Operation not permitted in /var/www/html/devrix-test-project/wp-admin/includes/class-wp-filesystem-direct.php on line 173
[27-Aug-2025 14:29:52 UTC] PHP Warning:  chmod(): Operation not permitted in /var/www/html/devrix-test-project/wp-admin/includes/class-wp-filesystem-direct.php on line 173
[27-Aug-2025 14:29:53 UTC] PHP Warning:  chmod(): Operation not permitted in /var/www/html/devrix-test-project/wp-admin/includes/class-wp-filesystem-direct.php on line 173
[27-Aug-2025 14:29:53 UTC] PHP Warning:  chmod(): Operation not permitted in /var/www/html/devrix-test-project/wp-admin/includes/class-wp-filesystem-direct.php on line 173
[27-Aug-2025 14:29:57 UTC] PHP Warning:  chmod(): Operation not permitted in /var/www/html/devrix-test-project/wp-admin/includes/class-wp-filesystem-direct.php on line 173
[27-Aug-2025 14:30:01 UTC] PHP Warning:  chmod(): Operation not permitted in /var/www/html/devrix-test-project/wp-admin/includes/class-wp-filesystem-direct.php on line 173
[27-Aug-2025 14:30:07 UTC] PHP Warning:  chmod(): Operation not permitted in /var/www/html/devrix-test-project/wp-admin/includes/class-wp-filesystem-direct.php on line 173
[27-Aug-2025 14:30:07 UTC] PHP Warning:  chmod(): Operation not permitted in /var/www/html/devrix-test-project/wp-admin/includes/class-wp-filesystem-direct.php on line 173
[27-Aug-2025 14:30:07 UTC] PHP Warning:  chmod(): Operation not permitted in /var/www/html/devrix-test-project/wp-admin/includes/class-wp-filesystem-direct.php on line 173
[27-Aug-2025 14:30:07 UTC] PHP Warning:  chmod(): Operation not permitted in /var/www/html/devrix-test-project/wp-admin/includes/class-wp-filesystem-direct.php on line 173
[27-Aug-2025 14:30:10 UTC] PHP Warning:  chmod(): Operation not permitted in /var/www/html/devrix-test-project/wp-admin/includes/class-wp-filesystem-direct.php on line 173
[27-Aug-2025 14:30:10 UTC] PHP Warning:  chmod(): Operation not permitted in /var/www/html/devrix-test-project/wp-admin/includes/class-wp-filesystem-direct.php on line 173
[27-Aug-2025 14:30:10 UTC] PHP Warning:  chmod(): Operation not permitted in /var/www/html/devrix-test-project/wp-admin/includes/class-wp-filesystem-direct.php on line 173
[27-Aug-2025 14:30:20 UTC] PHP Warning:  chmod(): Operation not permitted in /var/www/html/devrix-test-project/wp-admin/includes/class-wp-filesystem-direct.php on line 173
[27-Aug-2025 14:30:23 UTC] PHP Warning:  chmod(): Operation not permitted in /var/www/html/devrix-test-project/wp-admin/includes/class-wp-filesystem-direct.php on line 173
[27-Aug-2025 14:30:23 UTC] PHP Warning:  chmod(): Operation not permitted in /var/www/html/devrix-test-project/wp-admin/includes/class-wp-filesystem-direct.php on line 173
[27-Aug-2025 14:30:24 UTC] PHP Warning:  chmod(): Operation not permitted in /var/www/html/devrix-test-project/wp-admin/includes/class-wp-filesystem-direct.php on line 173
[27-Aug-2025 14:30:24 UTC] PHP Warning:  chmod(): Operation not permitted in /var/www/html/devrix-test-project/wp-admin/includes/class-wp-filesystem-direct.php on line 173
[27-Aug-2025 14:30:24 UTC] PHP Warning:  chmod(): Operation not permitted in /var/www/html/devrix-test-project/wp-admin/includes/class-wp-filesystem-direct.php on line 173
[27-Aug-2025 14:30:24 UTC] PHP Warning:  chmod(): Operation not permitted in /var/www/html/devrix-test-project/wp-admin/includes/class-wp-filesystem-direct.php on line 173
[27-Aug-2025 14:30:59 UTC] PHP Warning:  chmod(): Operation not permitted in /var/www/html/devrix-test-project/wp-admin/includes/class-wp-filesystem-direct.php on line 173
[27-Aug-2025 14:31:32 UTC] PHP Warning:  chmod(): Operation not permitted in /var/www/html/devrix-test-project/wp-admin/includes/class-wp-filesystem-direct.php on line 173
[27-Aug-2025 14:31:32 UTC] PHP Warning:  chmod(): Operation not permitted in /var/www/html/devrix-test-project/wp-admin/includes/class-wp-filesystem-direct.php on line 173
[27-Aug-2025 14:31:32 UTC] PHP Warning:  chmod(): Operation not permitted in /var/www/html/devrix-test-project/wp-admin/includes/class-wp-filesystem-direct.php on line 173
[27-Aug-2025 14:31:32 UTC] PHP Warning:  chmod(): Operation not permitted in /var/www/html/devrix-test-project/wp-admin/includes/class-wp-filesystem-direct.php on line 173
[27-Aug-2025 14:31:33 UTC] PHP Warning:  chmod(): Operation not permitted in /var/www/html/devrix-test-project/wp-admin/includes/class-wp-filesystem-direct.php on line 173
[27-Aug-2025 14:31:33 UTC] PHP Warning:  chmod(): Operation not permitted in /var/www/html/devrix-test-project/wp-admin/includes/class-wp-filesystem-direct.php on line 173
[27-Aug-2025 14:31:33 UTC] PHP Warning:  chmod(): Operation not permitted in /var/www/html/devrix-test-project/wp-admin/includes/class-wp-filesystem-direct.php on line 173
[27-Aug-2025 14:31:33 UTC] PHP Warning:  chmod(): Operation not permitted in /var/www/html/devrix-test-project/wp-admin/includes/class-wp-filesystem-direct.php on line 173
[27-Aug-2025 14:31:40 UTC] PHP Warning:  chmod(): Operation not permitted in /var/www/html/devrix-test-project/wp-admin/includes/class-wp-filesystem-direct.php on line 173
[27-Aug-2025 14:31:41 UTC] PHP Warning:  chmod(): Operation not permitted in /var/www/html/devrix-test-project/wp-admin/includes/class-wp-filesystem-direct.php on line 173
[27-Aug-2025 14:31:42 UTC] PHP Warning:  chmod(): Operation not permitted in /var/www/html/devrix-test-project/wp-admin/includes/class-wp-filesystem-direct.php on line 173
[27-Aug-2025 14:31:44 UTC] PHP Warning:  chmod(): Operation not permitted in /var/www/html/devrix-test-project/wp-admin/includes/class-wp-filesystem-direct.php on line 173
[27-Aug-2025 14:31:44 UTC] PHP Warning:  chmod(): Operation not permitted in /var/www/html/devrix-test-project/wp-admin/includes/class-wp-filesystem-direct.php on line 173
[27-Aug-2025 14:31:45 UTC] PHP Warning:  chmod(): Operation not permitted in /var/www/html/devrix-test-project/wp-admin/includes/class-wp-filesystem-direct.php on line 173
[27-Aug-2025 14:31:46 UTC] PHP Warning:  chmod(): Operation not permitted in /var/www/html/devrix-test-project/wp-admin/includes/class-wp-filesystem-direct.php on line 173
[27-Aug-2025 14:31:50 UTC] PHP Warning:  chmod(): Operation not permitted in /var/www/html/devrix-test-project/wp-admin/includes/class-wp-filesystem-direct.php on line 173
[27-Aug-2025 14:31:50 UTC] PHP Warning:  chmod(): Operation not permitted in /var/www/html/devrix-test-project/wp-admin/includes/class-wp-filesystem-direct.php on line 173
[27-Aug-2025 14:31:50 UTC] PHP Warning:  chmod(): Operation not permitted in /var/www/html/devrix-test-project/wp-admin/includes/class-wp-filesystem-direct.php on line 173
[27-Aug-2025 14:34:10 UTC] PHP Warning:  chmod(): Operation not permitted in /var/www/html/devrix-test-project/wp-admin/includes/class-wp-filesystem-direct.php on line 173
[27-Aug-2025 14:34:10 UTC] PHP Warning:  chmod(): Operation not permitted in /var/www/html/devrix-test-project/wp-admin/includes/class-wp-filesystem-direct.php on line 173
[27-Aug-2025 14:34:10 UTC] PHP Warning:  chmod(): Operation not permitted in /var/www/html/devrix-test-project/wp-admin/includes/class-wp-filesystem-direct.php on line 173
[27-Aug-2025 14:34:10 UTC] PHP Warning:  chmod(): Operation not permitted in /var/www/html/devrix-test-project/wp-admin/includes/class-wp-filesystem-direct.php on line 173
[27-Aug-2025 14:34:10 UTC] PHP Warning:  chmod(): Operation not permitted in /var/www/html/devrix-test-project/wp-admin/includes/class-wp-filesystem-direct.php on line 173
[27-Aug-2025 14:34:10 UTC] PHP Warning:  chmod(): Operation not permitted in /var/www/html/devrix-test-project/wp-admin/includes/class-wp-filesystem-direct.php on line 173
[27-Aug-2025 14:34:10 UTC] PHP Warning:  chmod(): Operation not permitted in /var/www/html/devrix-test-project/wp-admin/includes/class-wp-filesystem-direct.php on line 173
[27-Aug-2025 14:34:10 UTC] PHP Warning:  chmod(): Operation not permitted in /var/www/html/devrix-test-project/wp-admin/includes/class-wp-filesystem-direct.php on line 173
[27-Aug-2025 14:34:10 UTC] PHP Warning:  chmod(): Operation not permitted in /var/www/html/devrix-test-project/wp-admin/includes/class-wp-filesystem-direct.php on line 173
[27-Aug-2025 14:34:13 UTC] PHP Warning:  chmod(): Operation not permitted in /var/www/html/devrix-test-project/wp-admin/includes/class-wp-filesystem-direct.php on line 173
[27-Aug-2025 14:34:13 UTC] PHP Warning:  chmod(): Operation not permitted in /var/www/html/devrix-test-project/wp-admin/includes/class-wp-filesystem-direct.php on line 173
[27-Aug-2025 14:34:14 UTC] PHP Warning:  chmod(): Operation not permitted in /var/www/html/devrix-test-project/wp-admin/includes/class-wp-filesystem-direct.php on line 173
[27-Aug-2025 14:34:15 UTC] PHP Warning:  chmod(): Operation not permitted in /var/www/html/devrix-test-project/wp-admin/includes/class-wp-filesystem-direct.php on line 173
[27-Aug-2025 14:34:15 UTC] PHP Warning:  chmod(): Operation not permitted in /var/www/html/devrix-test-project/wp-admin/includes/class-wp-filesystem-direct.php on line 173
[27-Aug-2025 14:34:15 UTC] PHP Warning:  chmod(): Operation not permitted in /var/www/html/devrix-test-project/wp-admin/includes/class-wp-filesystem-direct.php on line 173
[27-Aug-2025 14:34:18 UTC] PHP Warning:  chmod(): Operation not permitted in /var/www/html/devrix-test-project/wp-admin/includes/class-wp-filesystem-direct.php on line 173
[27-Aug-2025 14:34:20 UTC] PHP Warning:  chmod(): Operation not permitted in /var/www/html/devrix-test-project/wp-admin/includes/class-wp-filesystem-direct.php on line 173
[27-Aug-2025 14:34:20 UTC] PHP Warning:  chmod(): Operation not permitted in /var/www/html/devrix-test-project/wp-admin/includes/class-wp-filesystem-direct.php on line 173
[27-Aug-2025 14:34:22 UTC] PHP Warning:  chmod(): Operation not permitted in /var/www/html/devrix-test-project/wp-admin/includes/class-wp-filesystem-direct.php on line 173
[27-Aug-2025 14:40:37 UTC] PHP Warning:  chmod(): Operation not permitted in /var/www/html/devrix-test-project/wp-admin/includes/class-wp-filesystem-direct.php on line 173
[27-Aug-2025 14:40:37 UTC] PHP Warning:  chmod(): Operation not permitted in /var/www/html/devrix-test-project/wp-admin/includes/class-wp-filesystem-direct.php on line 173
[27-Aug-2025 14:44:13 UTC] PHP Warning:  chmod(): Operation not permitted in /var/www/html/devrix-test-project/wp-admin/includes/class-wp-filesystem-direct.php on line 173
[27-Aug-2025 14:44:13 UTC] PHP Warning:  chmod(): Operation not permitted in /var/www/html/devrix-test-project/wp-admin/includes/class-wp-filesystem-direct.php on line 173
[27-Aug-2025 14:46:50 UTC] PHP Warning:  chmod(): Operation not permitted in /var/www/html/devrix-test-project/wp-admin/includes/class-wp-filesystem-direct.php on line 173
[27-Aug-2025 14:46:50 UTC] PHP Warning:  chmod(): Operation not permitted in /var/www/html/devrix-test-project/wp-admin/includes/class-wp-filesystem-direct.php on line 173
[27-Aug-2025 15:26:49 UTC] PHP Warning:  chmod(): Operation not permitted in /var/www/html/devrix-test-project/wp-admin/includes/class-wp-filesystem-direct.php on line 173
[27-Aug-2025 15:26:49 UTC] PHP Warning:  chmod(): Operation not permitted in /var/www/html/devrix-test-project/wp-admin/includes/class-wp-filesystem-direct.php on line 173
[27-Aug-2025 15:26:49 UTC] PHP Warning:  chmod(): Operation not permitted in /var/www/html/devrix-test-project/wp-admin/includes/class-wp-filesystem-direct.php on line 173
[27-Aug-2025 15:26:49 UTC] PHP Warning:  chmod(): Operation not permitted in /var/www/html/devrix-test-project/wp-admin/includes/class-wp-filesystem-direct.php on line 173
[27-Aug-2025 15:26:49 UTC] PHP Warning:  chmod(): Operation not permitted in /var/www/html/devrix-test-project/wp-admin/includes/class-wp-filesystem-direct.php on line 173
[27-Aug-2025 15:30:50 UTC] PHP Warning:  wp_version_check(): An unexpected error occurred. Something may be wrong with WordPress.org or this server&#8217;s configuration. If you continue to have problems, please try the <a href="https://wordpress.org/support/forums/">support forums</a>. (WordPress could not establish a secure connection to WordPress.org. Please contact your server administrator.) in /var/www/html/devrix-test-project/wp-includes/functions.php on line 6121
[27-Aug-2025 15:44:22 UTC] PHP Warning:  chmod(): Operation not permitted in /var/www/html/devrix-test-project/wp-admin/includes/class-wp-filesystem-direct.php on line 173
[27-Aug-2025 15:54:01 UTC] PHP Warning:  chmod(): Operation not permitted in /var/www/html/devrix-test-project/wp-admin/includes/class-wp-filesystem-direct.php on line 173
[27-Aug-2025 15:54:01 UTC] PHP Warning:  chmod(): Operation not permitted in /var/www/html/devrix-test-project/wp-admin/includes/class-wp-filesystem-direct.php on line 173
[27-Aug-2025 15:54:01 UTC] PHP Warning:  chmod(): Operation not permitted in /var/www/html/devrix-test-project/wp-admin/includes/class-wp-filesystem-direct.php on line 173
[27-Aug-2025 15:54:01 UTC] PHP Warning:  chmod(): Operation not permitted in /var/www/html/devrix-test-project/wp-admin/includes/class-wp-filesystem-direct.php on line 173
